[    0.000000] Initializing cgroup subsys cpuset
[    0.000000] Initializing cgroup subsys cpu
[    0.000000] Initializing cgroup subsys cpuacct
[    0.000000] Linux version 4.4.0-171-generic (buildd@lcy01-amd64-018) (gcc version 5.4.0 20160609 (Ubuntu 5.4.0-6ubuntu1~16.04.12) ) #200-Ubuntu SMP Tue Dec 3 11:04:55 UTC 2019 (Ubuntu 4.4.0-171.200-generic 4.4.203)
[    0.000000] Command line: BOOT_IMAGE=/boot/vmlinuz-4.4.0-171-generic root=LABEL=cloudimg-rootfs ro console=tty1 console=ttyS0
[    0.000000] KERNEL supported cpus:
[    0.000000]   Intel GenuineIntel
[    0.000000]   AMD AuthenticAMD
[    0.000000]   Centaur CentaurHauls
[    0.000000] x86/fpu: xstate_offset[2]:  576, xstate_sizes[2]:  256
[    0.000000] x86/fpu: Supporting XSAVE feature 0x01: 'x87 floating point registers'
[    0.000000] x86/fpu: Supporting XSAVE feature 0x02: 'SSE registers'
[    0.000000] x86/fpu: Supporting XSAVE feature 0x04: 'AVX registers'
[    0.000000] x86/fpu: Enabled xstate features 0x7, context size is 832 bytes, using 'standard' format.
[    0.000000] e820: BIOS-provided physical RAM map:
[    0.000000] BIOS-e820: [mem 0x0000000000000000-0x000000000009fbff] usable
[    0.000000] BIOS-e820: [mem 0x000000000009fc00-0x000000000009ffff] reserved
[    0.000000] BIOS-e820: [mem 0x00000000000f0000-0x00000000000fffff] reserved
[    0.000000] BIOS-e820: [mem 0x0000000000100000-0x000000001ffeffff] usable
[    0.000000] BIOS-e820: [mem 0x000000001fff0000-0x000000001fffffff] ACPI data
[    0.000000] BIOS-e820: [mem 0x00000000fec00000-0x00000000fec00fff] reserved
[    0.000000] BIOS-e820: [mem 0x00000000fee00000-0x00000000fee00fff] reserved
[    0.000000] BIOS-e820: [mem 0x00000000fffc0000-0x00000000ffffffff] reserved
[    0.000000] NX (Execute Disable) protection: active
[    0.000000] SMBIOS 2.5 present.
[    0.000000] Hypervisor detected: KVM
[    0.000000] e820: last_pfn = 0x1fff0 max_arch_pfn = 0x400000000
[    0.000000] MTRR: Disabled
[    0.000000] x86/PAT: MTRRs disabled, skipping PAT initialization too.
[    0.000000] CPU MTRRs all blank - virtualized system.
[    0.000000] x86/PAT: Configuration [0-7]: WB  WT  UC- UC  WB  WT  UC- UC  
[    0.000000] found SMP MP-table at [mem 0x0009fff0-0x0009ffff] mapped at [ffff88000009fff0]
[    0.000000] Scanning 1 areas for low memory corruption
[    0.000000] RAMDISK: [mem 0x1e95a000-0x1f7e0fff]
[    0.000000] ACPI: Early table checksum verification disabled
[    0.000000] ACPI: RSDP 0x00000000000E0000 000024 (v02 VBOX  )
[    0.000000] ACPI: XSDT 0x000000001FFF0030 00003C (v01 VBOX   VBOXXSDT 00000001 ASL  00000061)
[    0.000000] ACPI: FACP 0x000000001FFF00F0 0000F4 (v04 VBOX   VBOXFACP 00000001 ASL  00000061)
[    0.000000] ACPI: DSDT 0x000000001FFF0470 0022EA (v02 VBOX   VBOXBIOS 00000002 INTL 20180105)
[    0.000000] ACPI: FACS 0x000000001FFF0200 000040
[    0.000000] ACPI: FACS 0x000000001FFF0200 000040
[    0.000000] ACPI: APIC 0x000000001FFF0240 00005C (v02 VBOX   VBOXAPIC 00000001 ASL  00000061)
[    0.000000] ACPI: SSDT 0x000000001FFF02A0 0001CC (v01 VBOX   VBOXCPUT 00000002 INTL 20180105)
[    0.000000] No NUMA configuration found
[    0.000000] Faking a node at [mem 0x0000000000000000-0x000000001ffeffff]
[    0.000000] NODE_DATA(0) allocated [mem 0x1ffeb000-0x1ffeffff]
[    0.000000] kvm-clock: Using msrs 4b564d01 and 4b564d00
[    0.000000] kvm-clock: cpu 0, msr 0:1ffe3001, primary cpu clock
[    0.000000] kvm-clock: using sched offset of 3196234393 cycles
[    0.000000] clocksource: kvm-clock: mask: 0xffffffffffffffff max_cycles: 0x1cd42e4dffb, max_idle_ns: 881590591483 ns
[    0.000000] Zone ranges:
[    0.000000]   DMA      [mem 0x0000000000001000-0x0000000000ffffff]
[    0.000000]   DMA32    [mem 0x0000000001000000-0x000000001ffeffff]
[    0.000000]   Normal   empty
[    0.000000]   Device   empty
[    0.000000] Movable zone start for each node
[    0.000000] Early memory node ranges
[    0.000000]   node   0: [mem 0x0000000000001000-0x000000000009efff]
[    0.000000]   node   0: [mem 0x0000000000100000-0x000000001ffeffff]
[    0.000000] Initmem setup node 0 [mem 0x0000000000001000-0x000000001ffeffff]
[    0.000000] ACPI: PM-Timer IO Port: 0x4008
[    0.000000] IOAPIC[0]: apic_id 2, version 32, address 0xfec00000, GSI 0-23
[    0.000000] ACPI: INT_SRC_OVR (bus 0 bus_irq 0 global_irq 2 dfl dfl)
[    0.000000] ACPI: INT_SRC_OVR (bus 0 bus_irq 9 global_irq 9 low level)
[    0.000000] Using ACPI (MADT) for SMP configuration information
[    0.000000] smpboot: Allowing 2 CPUs, 0 hotplug CPUs
[    0.000000] PM: Registered nosave memory: [mem 0x00000000-0x00000fff]
[    0.000000] PM: Registered nosave memory: [mem 0x0009f000-0x0009ffff]
[    0.000000] PM: Registered nosave memory: [mem 0x000a0000-0x000effff]
[    0.000000] PM: Registered nosave memory: [mem 0x000f0000-0x000fffff]
[    0.000000] e820: [mem 0x20000000-0xfebfffff] available for PCI devices
[    0.000000] Booting paravirtualized kernel on KVM
[    0.000000] clocksource: refined-jiffies: mask: 0xffffffff max_cycles: 0xffffffff, max_idle_ns: 7645519600211568 ns
[    0.000000] setup_percpu: NR_CPUS:512 nr_cpumask_bits:512 nr_cpu_ids:2 nr_node_ids:1
[    0.000000] PERCPU: Embedded 33 pages/cpu @ffff88001fc00000 s95448 r8192 d31528 u1048576
[    0.000000] Built 1 zonelists in Node order, mobility grouping on.  Total pages: 128888
[    0.000000] Policy zone: DMA32
[    0.000000] Kernel command line: BOOT_IMAGE=/boot/vmlinuz-4.4.0-171-generic root=LABEL=cloudimg-rootfs ro console=tty1 console=ttyS0
[    0.000000] PID hash table entries: 2048 (order: 2, 16384 bytes)
[    0.000000] Memory: 481600K/523832K available (8626K kernel code, 1336K rwdata, 4032K rodata, 1488K init, 1288K bss, 42232K reserved, 0K cma-reserved)
[    0.000000] SLUB: HWalign=64, Order=0-3, MinObjects=0, CPUs=2, Nodes=1
[    0.000000] Kernel/User page tables isolation: enabled
[    0.000000] Hierarchical RCU implementation.
[    0.000000] 	Build-time adjustment of leaf fanout to 64.
[    0.000000] 	RCU restricting CPUs from NR_CPUS=512 to nr_cpu_ids=2.
[    0.000000] RCU: Adjusting geometry for rcu_fanout_leaf=64, nr_cpu_ids=2
[    0.000000] NR_IRQS:33024 nr_irqs:440 16
[    0.000000] Console: colour VGA+ 80x25
[    0.000000] console [tty1] enabled
[    0.000000] console [ttyS0] enabled
[    0.000000] tsc: Detected 3200.076 MHz processor
[    0.111097] Calibrating delay loop (skipped) preset value.. 6400.15 BogoMIPS (lpj=12800304)
[    0.112733] pid_max: default: 32768 minimum: 301
[    0.113526] ACPI: Core revision 20150930
[    0.115134] ACPI: 2 ACPI AML tables successfully acquired and loaded
[    0.116342] Security Framework initialized
[    0.117057] Yama: becoming mindful.
[    0.117787] AppArmor: AppArmor initialized
[    0.118715] Dentry cache hash table entries: 65536 (order: 7, 524288 bytes)
[    0.119860] Inode-cache hash table entries: 32768 (order: 6, 262144 bytes)
[    0.120925] Mount-cache hash table entries: 1024 (order: 1, 8192 bytes)
[    0.122003] Mountpoint-cache hash table entries: 1024 (order: 1, 8192 bytes)
[    0.123276] Initializing cgroup subsys io
[    0.124073] Initializing cgroup subsys memory
[    0.124845] Initializing cgroup subsys devices
[    0.125607] Initializing cgroup subsys freezer
[    0.126422] Initializing cgroup subsys net_cls
[    0.127221] Initializing cgroup subsys perf_event
[    0.128230] Initializing cgroup subsys net_prio
[    0.129042] Initializing cgroup subsys hugetlb
[    0.129832] Initializing cgroup subsys pids
[    0.131372] mce: CPU supports 0 MCE banks
[    0.132160] Last level iTLB entries: 4KB 1024, 2MB 1024, 4MB 1024
[    0.133114] Last level dTLB entries: 4KB 1024, 2MB 1024, 4MB 1024, 1GB 4
[    0.134145] Spectre V1 : Mitigation: usercopy/swapgs barriers and __user pointer sanitization
[    0.135523] Spectre V2 : Mitigation: Full generic retpoline
[    0.136506] Spectre V2 : Spectre v2 / SpectreRSB mitigation: Filling RSB on context switch
[    0.137950] Speculative Store Bypass: Vulnerable
[    0.138926] MDS: Mitigation: Clear CPU buffers
[    0.141965] Freeing SMP alternatives memory: 36K
[    0.147938] ftrace: allocating 32302 entries in 127 pages
[    0.199012] smpboot: APIC(0) Converting physical 0 to logical package 0
[    0.200124] smpboot: Max logical packages: 1
[    0.201107] x2apic enabled
[    0.201917] Switched APIC routing to physical x2apic.
[    0.203836] ..TIMER: vector=0x30 apic1=0 pin1=2 apic2=-1 pin2=-1
[    0.312938] smpboot: CPU0: Intel(R) Core(TM) i5-4460  CPU @ 3.20GHz (family: 0x6, model: 0x3c, stepping: 0x3)
[    0.314934] Performance Events: unsupported p6 CPU model 60 no PMU driver, software events only.
[    0.326630] KVM setup paravirtual spinlock
[    0.328212] x86: Booting SMP configuration:
[    0.329032] .... node  #0, CPUs:      #1
[    0.329903] kvm-clock: cpu 1, msr 0:1ffe3041, secondary cpu clock
[    0.331457] mce: CPU supports 0 MCE banks
[    0.333973] x86: Booted up 1 node, 2 CPUs
[    0.335808] smpboot: Total of 2 processors activated (12800.30 BogoMIPS)
[    0.337935] devtmpfs: initialized
[    0.340042] evm: security.selinux
[    0.340814] evm: security.SMACK64
[    0.341471] evm: security.SMACK64EXEC
[    0.342185] evm: security.SMACK64TRANSMUTE
[    0.342920] evm: security.SMACK64MMAP
[    0.343593] evm: security.ima
[    0.344371] evm: security.capability
[    0.345229] clocksource: jiffies: mask: 0xffffffff max_cycles: 0xffffffff, max_idle_ns: 7645041785100000 ns
[    0.346855] futex hash table entries: 512 (order: 3, 32768 bytes)
[    0.347985] pinctrl core: initialized pinctrl subsystem
[    0.349089] RTC time: 14:50:05, date: 01/20/20
[    0.350065] NET: Registered protocol family 16
[    0.360579] cpuidle: using governor ladder
[    0.372722] cpuidle: using governor menu
[    0.374089] PCCT header not found.
[    0.376364] ACPI: bus type PCI registered
[    0.377711] acpiphp: ACPI Hot Plug PCI Controller Driver version: 0.5
[    0.379951] PCI: Using configuration type 1 for base access
[    0.392676] ACPI: Added _OSI(Module Device)
[    0.393950] ACPI: Added _OSI(Processor Device)
[    0.395280] ACPI: Added _OSI(3.0 _SCP Extensions)
[    0.396580] ACPI: Added _OSI(Processor Aggregator Device)
[    0.398971] ACPI: Executed 1 blocks of module-level executable AML code
[    0.403303] ACPI: Interpreter enabled
[    0.404024] ACPI: (supports S0 S5)
[    0.404669] ACPI: Using IOAPIC for interrupt routing
[    0.405646] PCI: Using host bridge windows from ACPI; if necessary, use "pci=nocrs" and report a bug
[    0.410322] ACPI: PCI Root Bridge [PCI0] (domain 0000 [bus 00-ff])
[    0.411394] acpi PNP0A03:00: _OSC: OS supports [ASPM ClockPM Segments MSI]
[    0.413578] acpi PNP0A03:00: _OSC: not requesting OS control; OS requires [ExtendedConfig ASPM ClockPM MSI]
[    0.415168] acpi PNP0A03:00: fail to add MMCONFIG information, can't access extended PCI configuration space under this bridge.
[    0.417186] PCI host bridge to bus 0000:00
[    0.417886] pci_bus 0000:00: root bus resource [io  0x0000-0x0cf7 window]
[    0.418931] pci_bus 0000:00: root bus resource [io  0x0d00-0xffff window]
[    0.419978] pci_bus 0000:00: root bus resource [mem 0x000a0000-0x000bffff window]
[    0.421275] pci_bus 0000:00: root bus resource [mem 0x20000000-0xfdffffff window]
[    0.422534] pci_bus 0000:00: root bus resource [bus 00-ff]
[    0.424925] pci 0000:00:01.1: legacy IDE quirk: reg 0x10: [io  0x01f0-0x01f7]
[    0.426253] pci 0000:00:01.1: legacy IDE quirk: reg 0x14: [io  0x03f6]
[    0.427289] pci 0000:00:01.1: legacy IDE quirk: reg 0x18: [io  0x0170-0x0177]
[    0.428394] pci 0000:00:01.1: legacy IDE quirk: reg 0x1c: [io  0x0376]
[    0.448423] pci 0000:00:07.0: quirk: [io  0x4000-0x403f] claimed by PIIX4 ACPI
[    0.450377] pci 0000:00:07.0: quirk: [io  0x4100-0x410f] claimed by PIIX4 SMB
[    0.458175] ACPI: PCI Interrupt Link [LNKA] (IRQs 5 9 10 *11)
[    0.459773] ACPI: PCI Interrupt Link [LNKB] (IRQs 5 9 *10 11)
[    0.461305] ACPI: PCI Interrupt Link [LNKC] (IRQs 5 *9 10 11)
[    0.462719] ACPI: PCI Interrupt Link [LNKD] (IRQs 5 9 10 *11)
[    0.464114] ACPI: Enabled 2 GPEs in block 00 to 07
[    0.465406] vgaarb: setting as boot device: PCI:0000:00:02.0
[    0.466328] vgaarb: device added: PCI:0000:00:02.0,decodes=io+mem,owns=io+mem,locks=none
[    0.467690] vgaarb: loaded
[    0.468306] vgaarb: bridge control possible 0000:00:02.0
[    0.469413] SCSI subsystem initialized
[    0.470220] ACPI: bus type USB registered
[    0.470989] usbcore: registered new interface driver usbfs
[    0.471946] usbcore: registered new interface driver hub
[    0.472991] usbcore: registered new device driver usb
[    0.474112] PCI: Using ACPI for IRQ routing
[    0.475123] NetLabel: Initializing
[    0.475761] NetLabel:  domain hash size = 128
[    0.477281] NetLabel:  protocols = UNLABELED CIPSOv4
[    0.478144] NetLabel:  unlabeled traffic allowed by default
[    0.479209] amd_nb: Cannot enumerate AMD northbridges
[    0.480150] clocksource: Switched to clocksource kvm-clock
[    0.487162] AppArmor: AppArmor Filesystem Enabled
[    0.488170] pnp: PnP ACPI init
[    0.489486] pnp: PnP ACPI: found 3 devices
[    0.502394] clocksource: acpi_pm: mask: 0xffffff max_cycles: 0xffffff, max_idle_ns: 2085701024 ns
[    0.504996] NET: Registered protocol family 2
[    0.506148] TCP established hash table entries: 4096 (order: 3, 32768 bytes)
[    0.507221] TCP bind hash table entries: 4096 (order: 4, 65536 bytes)
[    0.508255] TCP: Hash tables configured (established 4096 bind 4096)
[    0.509266] UDP hash table entries: 256 (order: 1, 8192 bytes)
[    0.510267] UDP-Lite hash table entries: 256 (order: 1, 8192 bytes)
[    0.511323] NET: Registered protocol family 1
[    0.512129] pci 0000:00:00.0: Limiting direct PCI/PCI transfers
[    0.513185] pci 0000:00:01.0: Activating ISA DMA hang workarounds
[    0.514806] Unpacking initramfs...
[    0.702915] Freeing initrd memory: 14876K
[    0.703882] RAPL PMU detected, API unit is 2^-32 Joules, 4 fixed counters 10737418240 ms ovfl timer
[    0.705467] hw unit of domain pp0-core 2^-0 Joules
[    0.706397] hw unit of domain package 2^-0 Joules
[    0.707276] hw unit of domain dram 2^-0 Joules
[    0.708030] hw unit of domain pp1-gpu 2^-0 Joules
[    0.708908] clocksource: tsc: mask: 0xffffffffffffffff max_cycles: 0x2e2091e6ccf, max_idle_ns: 440795210636 ns
[    0.710627] platform rtc_cmos: registered platform RTC device (no PNP device found)
[    0.712189] Scanning for low memory corruption every 60 seconds
[    0.713670] audit: initializing netlink subsys (disabled)
[    0.714560] audit: type=2000 audit(1579531810.315:1): initialized
[    0.715817] Initialise system trusted keyring
[    0.716854] HugeTLB registered 2 MB page size, pre-allocated 0 pages
[    0.719004] zbud: loaded
[    0.719931] VFS: Disk quotas dquot_6.6.0
[    0.720844] VFS: Dquot-cache hash table entries: 512 (order 0, 4096 bytes)
[    0.722106] squashfs: version 4.0 (2009/01/31) Phillip Lougher
[    0.725470] fuse init (API version 7.23)
[    0.726456] Key type big_key registered
[    0.727227] Allocating IMA MOK and blacklist keyrings.
[    0.729773] Key type asymmetric registered
[    0.730502] Asymmetric key parser 'x509' registered
[    0.731381] Block layer SCSI generic (bsg) driver version 0.4 loaded (major 249)
[    0.732988] io scheduler noop registered
[    0.733711] io scheduler deadline registered (default)
[    0.734729] io scheduler cfq registered
[    0.735527] pci_hotplug: PCI Hot Plug PCI Core version: 0.5
[    0.736713] pciehp: PCI Express Hot Plug Controller Driver version: 0.4
[    0.737913] ACPI: AC Adapter [AC] (on-line)
[    0.738842] input: Power Button as /devices/LNXSYSTM:00/LNXPWRBN:00/input/input0
[    0.747672] ACPI: Power Button [PWRF]
[    0.748509] input: Sleep Button as /devices/LNXSYSTM:00/LNXSLPBN:00/input/input1
[    0.749830] ACPI: Sleep Button [SLPF]
[    0.750780] GHES: HEST is not enabled!
[    0.751579] Serial: 8250/16550 driver, 32 ports, IRQ sharing enabled
[    0.781565] 00:02: ttyS0 at I/O 0x3f8 (irq = 4, base_baud = 115200) is a 16550A
    0.786278] Linux agpgart interface v0.103
[    0.788558] loop: module loaded
[    0.789908] scsi host0: ata_piix
[    0.790614] scsi host1: ata_piix
[    0.791288] ata1: PATA max UDMA/33 cmd 0x1f0 ctl 0x3f6 bmdma 0xd000 irq 14
[    0.792478] ata2: PATA max UDMA/33 cmd 0x170 ctl 0x376 bmdma 0xd008 irq 15
[    0.793973] libphy: Fixed MDIO Bus: probed
[    0.794809] tun: Universal TUN/TAP device driver, 1.6
[    0.795649] tun: (C) 1999-2004 Max Krasnyansky <maxk@qualcomm.com>
[    0.796726] PPP generic driver version 2.4.2
[    0.797553] ehci_hcd: USB 2.0 'Enhanced' Host Controller (EHCI) Driver
[    0.798564] ehci-pci: EHCI PCI platform driver
[    0.799482] ehci-platform: EHCI generic platform driver
[    0.800530] ohci_hcd: USB 1.1 'Open' Host Controller (OHCI) Driver
[    0.801555] ohci-pci: OHCI PCI platform driver
[    0.802334] ohci-platform: OHCI generic platform driver
[    0.803266] uhci_hcd: USB Universal Host Controller Interface driver
[    0.804504] i8042: PNP: PS/2 Controller [PNP0303:PS2K,PNP0f03:PS2M] at 0x60,0x64 irq 1,12
[    0.806502] serio: i8042 KBD port at 0x60,0x64 irq 1
[    0.807415] serio: i8042 AUX port at 0x60,0x64 irq 12
[    0.808542] mousedev: PS/2 mouse device common for all mice
[    0.810010] input: AT Translated Set 2 keyboard as /devices/platform/i8042/serio0/input/input2
[    0.811613] rtc_cmos rtc_cmos: rtc core: registered rtc_cmos as rtc0
[    0.812717] rtc_cmos rtc_cmos: alarms up to one day, 114 bytes nvram
[    0.813771] i2c /dev entries driver
[    0.814562] device-mapper: uevent: version 1.0.3
[    0.815444] device-mapper: ioctl: 4.34.0-ioctl (2015-10-28) initialised: dm-devel@redhat.com
[    0.816966] ledtrig-cpu: registered to indicate activity on CPUs
[    0.818986] NET: Registered protocol family 10
[    0.819975] NET: Registered protocol family 17
[    0.820851] Key type dns_resolver registered
[    0.821888] registered taskstats version 1
[    0.822737] Loading compiled-in X.509 certificates
[    0.824225] Loaded X.509 cert 'Build time autogenerated kernel key: e951a32ceec0422669d36e9913b2c7dea5e0a587'
[    0.825904] zswap: loaded using pool lzo/zbud
[    0.828800] Key type trusted registered
[    0.832620] Key type encrypted registered
[    0.833387] AppArmor: AppArmor sha1 policy hashing enabled
[    0.834355] ima: No TPM chip found, activating TPM-bypass!
[    0.835262] ima: Allocated hash algorithm: sha1
[    0.836103] evm: HMAC attrs: 0x1
[    0.837353]   Magic number: 4:743:839
[    0.838329] rtc_cmos rtc_cmos: setting system clock to 2020-01-20 14:50:06 UTC (1579531806)
[    0.840073] BIOS EDD facility v0.16 2004-Jun-25, 0 devices found
[    0.841540] EDD information not available.
[    0.951945] Freeing unused kernel memory: 1488K
[    0.955620] Write protecting the kernel read-only data: 14336k
[    0.959741] Freeing unused kernel memory: 1604K
[    0.960798] Freeing unused kernel memory: 64K
Loading, please wait...
starting version 229
[    0.975380] random: systemd-udevd: uninitialized urandom read (16 bytes read, 2 bits of entropy available)
[    0.976123] random: udevadm: uninitialized urandom read (16 bytes read, 2 bits of entropy available)
[    0.976144] random: udevadm: uninitialized urandom read (16 bytes read, 2 bits of entropy available)
[    0.981486] random: systemd-udevd: uninitialized urandom read (16 bytes read, 2 bits of entropy available)
[    0.983403] random: systemd-udevd: uninitialized urandom read (16 bytes read, 2 bits of entropy available)
[    0.984219] random: udevadm: uninitialized urandom read (16 bytes read, 2 bits of entropy available)
[    0.984259] random: udevadm: uninitialized urandom read (16 bytes read, 2 bits of entropy available)
[    0.984375] random: udevadm: uninitialized urandom read (16 bytes read, 2 bits of entropy available)
[    0.984418] random: udevadm: uninitialized urandom read (16 bytes read, 2 bits of entropy available)
[    0.984459] random: udevadm: uninitialized urandom read (16 bytes read, 2 bits of entropy available)
[    1.024090] e1000: Intel(R) PRO/1000 Network Driver - version 7.3.21-k8-NAPI
[    1.025340] e1000: Copyright (c) 1999-2006 Intel Corporation.
[    1.029779] Fusion MPT base driver 3.04.20
[    1.031635] Copyright (c) 1999-2008 LSI Corporation
[    1.039051] Fusion MPT SPI Host driver 3.04.20
[    1.042094] AVX2 version of gcm_enc/dec engaged.
[    1.042913] AES CTR mode by8 optimization enabled
[    1.246399] input: ImExPS/2 Generic Explorer Mouse as /devices/platform/i8042/serio1/input/input4
[    1.368712] e1000 0000:00:03.0 eth0: (PCI:33MHz:32-bit) 02:e4:c4:97:dc:06
[    1.370288] e1000 0000:00:03.0 eth0: Intel(R) PRO/1000 Network Connection
[    1.730477] e1000 0000:00:08.0 eth1: (PCI:33MHz:32-bit) 08:00:27:d7:fc:1a
[    1.731677] e1000 0000:00:08.0 eth1: Intel(R) PRO/1000 Network Connection
[    1.733668] e1000 0000:00:08.0 enp0s8: renamed from eth1
[    1.734836] mptbase: ioc0: Initiating bringup
[    1.744456] e1000 0000:00:03.0 enp0s3: renamed from eth0
[    1.800730] ioc0: LSI53C1030 A0: Capabilities={Initiator}
[    1.972964] scsi host2: ioc0: LSI53C1030 A0, FwRev=00000000h, Ports=1, MaxQ=256, IRQ=20
[    2.089780] scsi 2:0:0:0: Direct-Access     VBOX     HARDDISK         1.0  PQ: 0 ANSI: 5
[    2.094312] scsi target2:0:0: Beginning Domain Validation
[    2.096850] scsi target2:0:0: Domain Validation skipping write tests
[    2.107940] scsi target2:0:0: Ending Domain Validation
[    2.108912] scsi target2:0:0: asynchronous
[    2.110051] scsi 2:0:1:0: Direct-Access     VBOX     HARDDISK         1.0  PQ: 0 ANSI: 5
[    2.111425] scsi target2:0:1: Beginning Domain Validation
[    2.113335] scsi target2:0:1: Domain Validation skipping write tests
[    2.114339] scsi target2:0:1: Ending Domain Validation
[    2.115263] scsi target2:0:1: asynchronous
[    2.120502] sd 2:0:0:0: Attached scsi generic sg0 type 0
[    2.121522] sd 2:0:0:0: [sda] 20971520 512-byte logical blocks: (10.7 GB/10.0 GiB)
[    2.123215] sd 2:0:1:0: Attached scsi generic sg1 type 0
[    2.130633] sd 2:0:1:0: [sdb] 20480 512-byte logical blocks: (10.5 MB/10.0 MiB)
[    2.132017] sd 2:0:0:0: [sda] Write Protect is off
[    2.132161] sd 2:0:1:0: [sdb] Write Protect is off
[    2.132260] sd 2:0:1:0: [sdb] Incomplete mode parameter data
[    2.132262] sd 2:0:1:0: [sdb] Assuming drive cache: write through
[    2.153271] sd 2:0:0:0: [sda] Incomplete mode parameter data
[    2.154382] sd 2:0:1:0: [sdb] Attached SCSI disk
[    2.159488] sd 2:0:0:0: [sda] Assuming drive cache: write through
[    2.161835]  sda: sda1
[    2.163102] sd 2:0:0:0: [sda] Attached SCSI disk
Begin: Loading essential drivers ... [    3.496475] md: linear personality registered for level -1
[    3.500719] md: multipath personality registered for level -4
[    3.505377] md: raid0 personality registered for level 0
[    3.510131] md: raid1 personality registered for level 1
[    3.580181] raid6: sse2x1   gen()  9999 MB/s
[    3.648213] raid6: sse2x1   xor()  7783 MB/s
[    3.716330] raid6: sse2x2   gen() 11750 MB/s
[    3.784656] raid6: sse2x2   xor()  8062 MB/s
[    3.852199] raid6: sse2x4   gen() 13463 MB/s
[    3.920267] raid6: sse2x4   xor()  8060 MB/s
[    3.988182] raid6: avx2x1   gen() 17375 MB/s
[    4.056240] raid6: avx2x2   gen() 20782 MB/s
[    4.124170] raid6: avx2x4   gen() 26103 MB/s
[    4.125034] raid6: using algorithm avx2x4 gen() 26103 MB/s
[    4.126060] raid6: using avx2x2 recovery algorithm
[    4.128419] xor: automatically using best checksumming function:
[    4.171858]    avx       : 47230.000 MB/sec
[    4.174267] async_tx: api initialized (async)
[    4.183932] md: raid6 personality registered for level 6
[    4.185217] md: raid5 personality registered for level 5
[    4.186376] md: raid4 personality registered for level 4
[    4.193272] md: raid10 personality registered for level 10
done.
Begin: Running /scripts/init-premount ... done.
Begin: Mounting root file system ... Begin: Running /scripts/local-top ... done.
Begin: Running /scripts/local-premount ... [    4.225385] Btrfs loaded
Scanning for Btrfs filesystems
done.
Warning: fsck not present, so skipping root file system
[    4.255526] EXT4-fs (sda1): mounted filesystem with ordered data mode. Opts: (null)
done.
Begin: Running /scripts/local-bottom ... done.
Begin: Running /scripts/init-bottom ... done.
[    4.373065] systemd[1]: systemd 229 running in system mode. (+PAM +AUDIT +SELINUX +IMA +APPARMOR +SMACK +SYSVINIT +UTMP +LIBCRYPTSETUP +GCRYPT +GNUTLS +ACL +XZ -LZ4 +SECCOMP +BLKID +ELFUTILS +KMOD -IDN)
[    4.376254] systemd[1]: Detected virtualization oracle.
[    4.378344] systemd[1]: Detected architecture x86-64.

Welcome to [1mUbuntu 16.04.6 LTS[0m!

[    4.382531] systemd[1]: Set hostname to <ubuntu>.
[    4.385385] systemd[1]: Initializing machine ID from random generator.
[    4.386446] systemd[1]: Installed transient /etc/machine-id file.
[    4.512535] systemd[1]: Started Forward Password Requests to Wall Directory Watch.
[[0;32m  OK  [0m] Started Forward Password Requests to Wall Directory Watch.
[    4.516503] systemd[1]: Listening on Journal Audit Socket.
[[0;32m  OK  [0m] Listening on Journal Audit Socket.
[    4.524485] systemd[1]: Started Trigger resolvconf update for networkd DNS.
[[0;32m  OK  [0m] Started Trigger resolvconf update for networkd DNS.
[    4.527655] systemd[1]: Listening on Syslog Socket.
[[0;32m  OK  [0m] Listening on Syslog Socket.
[    4.529092] systemd[1]: Listening on /dev/initctl Compatibility Named Pipe.
[[0;32m  OK  [0m] Listening on /dev/initctl Compatibility Named Pipe.
[    4.531782] systemd[1]: Reached target System Time Synchronized.
[[0;32m  OK  [0m] Reached target System Time Synchronized.
[    4.533520] systemd[1]: Listening on udev Kernel Socket.
[[0;32m  OK  [0m] Listening on udev Kernel Socket.
[    4.535499] systemd[1]: Listening on Device-mapper event daemon FIFOs.
[[0;32m  OK  [0m] Listening on Device-mapper event daemon FIFOs.
[    4.538058] systemd[1]: Reached target Swap.
[[0;32m  OK  [0m] Reached target Swap.
[    4.544289] systemd[1]: Reached target Encrypted Volumes.
[[0;32m  OK  [0m] Reached target Encrypted Volumes.
[    4.552533] systemd[1]: Set up automount Arbitrary Executable File Formats File System Automount Point.
[[0;32m  OK  [0m] Set up automount Arbitrary Executab...ats File System Automount Point.
[    4.555238] systemd[1]: Listening on udev Control Socket.
[[0;32m  OK  [0m] Listening on udev Control Socket.
[    4.557867] systemd[1]: Created slice User and Session Slice.
[[0;32m  OK  [0m] Created slice User and Session Slice.
[    4.562594] systemd[1]: Reached target User and Group Name Lookups.
[[0;32m  OK  [0m] Reached target User and Group Name Lookups.
[    4.564352] systemd[1]: Listening on LVM2 poll daemon socket.
[[0;32m  OK  [0m] Listening on LVM2 poll daemon socket.
[    4.565967] systemd[1]: Listening on Journal Socket (/dev/log).
[[0;32m  OK  [0m] Listening on Journal Socket (/dev/log).
[    4.567661] systemd[1]: Listening on LVM2 metadata daemon socket.
[[0;32m  OK  [0m] Listening on LVM2 metadata daemon socket.
[    4.576619] systemd[1]: Created slice System Slice.
[[0;32m  OK  [0m] Created slice System Slice.
[    4.578340] systemd[1]: Created slice system-serial\x2dgetty.slice.
[[0;32m  OK  [0m] Created slice system-serial\x2dgetty.slice.
[    4.584369] systemd[1]: Reached target Slices.
[[0;32m  OK  [0m] Reached target Slices.
[    4.586104] systemd[1]: Listening on Journal Socket.
[[0;32m  OK  [0m] Listening on Journal Socket.
[    4.604332] systemd[1]: Starting Uncomplicated firewall...
         Starting Uncomplicated firewall...
[    4.609305] systemd[1]: Starting Journal Service...
         Starting Journal Service...
[    4.614169] systemd[1]: Starting Nameserver information manager...
         Starting Nameserver information manager...
[    4.618974] systemd[1]: Starting Monitoring of LVM2 mirrors, snapshots etc. using dmeventd or progress polling...
         Starting Monitoring of LVM2 mirrors... dmeventd or progress polling...
[    4.625976] systemd[1]: Starting Load Kernel Modules...
         Starting Load Kernel Modules...
[    4.628896] systemd[1]: Mounting Huge Pages File System...
         Mounting Huge Pages File System...
[    4.635019] systemd[1]: Mounting Debug File System...
         Mounting Debug File System...
[    4.641057] systemd[1]: Starting Remount Root and Kernel File Systems...
         Starting Remount Root and Kernel File Systems...
[    4.643800] systemd[1]: Mounting POSIX Message Queue File System...
         Mounting POSIX Message Queue File System...
[    4.647688] systemd[1]: Starting Set console keymap...
         Starting Set console keymap...
[    4.651883] systemd[1]: Starting Create list of required static device nodes for the current kernel...
[    4.655583] EXT4-fs (sda1): re-mounted. Opts: (null)
         Starting Create list of required[    4.657259] Loading iSCSI transport class v2.0-870.
 st... nodes for the current kernel...
[    4.662199] systemd[1]: Mounted Debug File System.
[[0;32m  OK  [0m] Mounted Debug File System.
[    4.663781] systemd[1]: Mounted Huge Pages File System.
[[0;32m  OK  [0m] Mounted Huge Pages File System.
[    4.667175] systemd[1]: Mounted POSIX Message Queue File System.
[[0;32m  OK  [0m] Mounted POSIX Message Queue File System.
[    4.671362] systemd[1]: Started Journal Service.
[[0;32m  OK  [0m] Started Journal Service.
[    4.674417] iscsi: registered transport (tcp)
[[0;32m  OK  [0m] Started Uncomplicated firewall.
[[0;32m  OK  [0m] Started Remount Root and Kernel File Systems.
[[0;32m  OK  [0m] Started Create list of required sta...ce nodes for the current kernel.
[[0;32m  OK  [0m] Started LVM2 metadata daemon.
         Starting Create Static Device Nodes in /dev...
         Starting Load/Save Random Seed...
         Starting udev Coldplug all Devices...
         Starting Flush Journal to Persistent Storage...
[[0;32m  OK  [0m] Started Nameserver information manager.
[[0;32m  OK  [0m] Started Load/Save Random Seed.
[    4.711832] systemd-journald[367]: Received request to flush runtime journal from PID 1
[[0;32m  OK  [0m] Started Flush Journal to Persistent Storage.
[    4.730819] iscsi: registered transport (iser)
[[0;32m  OK  [0m] Started Create Static Device Nodes in /dev.
[[0;32m  OK  [0m] Started Load Kernel Modules.
[[0;32m  OK  [0m] Started Set console keymap.
[[0;32m  OK  [0m] Started udev Coldplug all Devices.
         Mounting FUSE Control File System...
         Starting Apply Kernel Variables...
         Starting udev Kernel Device Manager...
[[0;32m  OK  [0m] Mounted FUSE Control File System.
[[0;32m  OK  [0m] Started Apply Kernel Variables.
[[0;32m  OK  [0m] Started udev Kernel Device Manager.
[[0;32m  OK  [0m] Started Dispatch Password Requests to Console Directory Watch.
[[0;32m  OK  [0m] Found device /dev/ttyS0.
[[0;32m  OK  [0m] Listening on Load/Save RF Kill Switch Status /dev/rfkill Watch.
[[0;32m  OK  [0m] Started Monitoring of LVM2 mirrors,...ng dmeventd or progress polling.
[[0;32m  OK  [0m] Reached target Local File Systems (Pre).
[[0;32m  OK  [0m] Reached target Local File Systems.
         Starting Tell Plymouth To Write Out Runtime Data...
         Starting Create Volatile Files and Directories...
         Starting LSB: AppArmor initialization...
         Starting Commit a transient machine-id on disk...
         Starting Initial cloud-init job (pre-networking)...
         Starting Set console font and keymap...
[[0;32m  OK  [0m] Started Tell Plymouth To Write Out Runtime Data.
[[0;32m  OK  [0m] Started Create Volatile Files and Directories.
         Starting Update UTMP about System Boot/Shutdown...
[[0;32m  OK  [0m] Started Commit a transient machine-id on disk.
[[0;32m  OK  [0m] Started Update UTMP about System Boot/Shutdown.
[[0;32m  OK  [0m] Started LSB: AppArmor initialization.
[[0;32m  OK  [0m] Started Set console font and keymap.
[[0;32m  OK  [0m] Created slice system-getty.slice.
[    6.203028] cloud-init[622]: Cloud-init v. 19.3-41-gc4735dd3-0ubuntu1~16.04.1 running 'init-local' at Mon, 20 Jan 2020 14:50:11 +0000. Up 5.84 seconds.
[[0;32m  OK  [0m] Started Initial cloud-init job (pre-networking).
[[0;32m  OK  [0m] Reached target Network (Pre).
         Starting Raise network interfaces...
[[0;32m  OK  [0m] Started Raise network interfaces.
         Starting Initial cloud-init job (metadata service crawler)...
[[0;32m  OK  [0m] Reached target Network.
[    7.688562] cloud-init[966]: Cloud-init v. 19.3-41-gc4735dd3-0ubuntu1~16.04.1 running 'init' at Mon, 20 Jan 2020 14:50:12 +0000. Up 6.89 seconds.
[    7.699088] cloud-init[966]: ci-info: ++++++++++++++++++++++++++++++++++++++Net device info+++++++++++++++++++++++++++++++++++++++
[    7.718368] cloud-init[966]: ci-info: +--------+-------+----------------------------+---------------+--------+-------------------+
[    7.729775] cloud-init[966]: ci-info: | Device |   Up  |          Address           |      Mask     | Scope  |     Hw-Address    |
[    7.742981] cloud-init[966]: ci-info: +--------+-------+----------------------------+---------------+--------+-------------------+
[    7.754604] cloud-init[966]: ci-info: | enp0s3 |  True |         10.0.2.15          | 255.255.255.0 | global | 02:e4:c4:97:dc:06 |
[    7.760334] cloud-init[966]: ci-info: | enp0s3 |  True | fe80::e4:c4ff:fe97:dc06/64 |       .       |  link  | 02:e4:c4:97:dc:06 |
[    7.766931] cloud-init[966]: ci-info: | enp0s8 | False |             .              |       .       |   .    | 08:00:27:d7:fc:1a |
[    7.769167] cloud-init[966]: ci-info: |   lo   |  True |         127.0.0.1          |   255.0.0.0   |  host  |         .         |
[    7.771803] cloud-init[966]: ci-info: |   lo   |  True |          ::1/128           |       .       |  host  |         .         |
[    7.773746] cloud-init[966]: ci-info: +--------+-------+----------------------------+---------------+--------+-------------------+
[    7.776256] cloud-init[966]: ci-info: +++++++++++++++++++++++++++Route IPv4 info++++++++++++++++++++++++++++
[    7.780185] cloud-init[966]: ci-info: +-------+-------------+----------+---------------+-----------+-------+
[    7.783936] cloud-init[966]: ci-info: | Route | Destination | Gateway  |    Genmask    | Interface | Flags |
[    7.787911] cloud-init[966]: ci-info: +-------+-------------+----------+---------------+-----------+-------+
[    7.792880] cloud-init[966]: ci-info: |   0   |   0.0.0.0   | 10.0.2.2 |    0.0.0.0    |   enp0s3  |   UG  |
[    7.795972] cloud-init[966]: ci-info: |   1   |   10.0.2.0  | 0.0.0.0  | 255.255.255.0 |   enp0s3  |   U   |
[    7.799969] cloud-init[966]: ci-info: +-------+-------------+----------+---------------+-----------+-------+
[    7.803798] cloud-init[966]: ci-info: +++++++++++++++++++Route IPv6 info+++++++++++++++++++
[    7.806600] cloud-init[966]: ci-info: +-------+-------------+---------+-----------+-------+
[    7.810393] cloud-init[966]: ci-info: | Route | Destination | Gateway | Interface | Flags |
[[0;32m  OK  [0m] Started Initial cloud-init job (metadata service crawler).
[    7.810514] cloud-init[966]: ci-info: +-------+-------------+---------+-----------+-------+
[    7.816324] cloud-init[966]: ci-info: |   0   |  fe80::/64  |    ::   |   enp0s3  |   U   |
[    7.816502] cloud-init[966]: ci-info: |   3   |   ff00::/8  |    ::   |   enp0s3  |   U   |
[    7.816794] cloud-init[966]: ci-info: +-------+-------------+---------+-----------+-------+
[[0;32m  OK  [0m] Reached target System Initialization.
[    7.816967] cloud-init[966]: Generating public/private rsa key pair.
[    7.820397] cloud-init[966]: Your identification has been saved in /etc/ssh/ssh_host_rsa_key.
[    7.821604] cloud-init[966]: Your public key has been saved in /etc/ssh/ssh_host_rsa_key.pub.
[    7.821749] cloud-init[966]: The key fingerprint is:
[    7.821794] cloud-init[966]: SHA256:wFpPd0vaV12DM7cTgnoOghH66dc356lBxYC9RM88H7o root@ubuntu-xenial
[    7.821854] cloud-init[966]: The key's randomart image is:
[    7.821907] cloud-init[966]: +---[RSA 2048]----+
[    7.821964] cloud-init[966]: |     ..   +o. ...|
[    7.822132] cloud-init[966]: |    .o   . +*= o+|
[[0;32m  OK  [0m] Started ACPI Events Check.
[[0;32m  OK  [0m] [    7.823099] Reached target Paths.cloud-init
[966]: |   .  * . + +B=.=|
[    7.825172] cloud-init[966]: |    .+.= + B..++.|
[[0;32m  OK  [0m] Listening on UUID daemon activation socket.
[    7.836250] cloud-init[966]: |    .o  S =.o....|
[    7.836390] cloud-init[966]: |    .   . .. ..  |
[[0;32m  OK  [0m] Started Message of the Day.
[    7.836438] cloud-init[966]: |     . . . + E   |
[    7.839480] cloud-init[966]: |      .   . = .  |
[    7.840558] cloud-init[966]: |           ..o   |
[    7.840721] cloud-init[966]: +----[SHA256]-----+
         Starting LXD - unix socket.[    7.842558] 
cloud-init[966]: Generating public/private dsa key pair.
[    7.844185] cloud-init[966]: Your identification has been saved in /etc/ssh/ssh_host_dsa_key.
[    7.844366] cloud-init[966]: Your public key has been saved in /etc/ssh/ssh_host_dsa_key.pub.
[    7.844597] cloud-init[966]: The key fingerprint is:
[    7.844710] cloud-init[966]: SHA256:nnlPrFNKlm8UTD90oBB/wKivPGMYJ0bRa38S5sb3hlk root@ubuntu-xenial
[    7.844765] cloud-init[966]: The key's randomart image is:
[    7.844827] cloud-init[966]: +---[DSA 1024]----+
[    7.844888] cloud-init[966]: |       .  o+. .. |
[    7.844965] cloud-init[966]: |      . . .ooo. .|
[    7.845078] cloud-init[966]: |       . o ooo.. |
[    7.845142] cloud-init[966]: |      . + o o.o  |
[    7.845197] cloud-init[966]: |     . .S* o . . |
[    7.845255] cloud-init[966]: |      +..o@.= E  |
[    7.845369] cloud-init[966]: |     . *+=.Oo=   |
[[    7.846042] [0;32m  OK  [0mcloud-init] [966]: Started Daily Cleanup of Temporary Directories.|      . *.o+= o  |

[    7.856233] cloud-init[966]: |       . o.o..   |
[[0;32m  OK  [0m] Listening on D-Bus System Message Bus Socket.
[[    7.856368] cloud-init[966]: +----[SHA256]-----+
[    7.857536] cloud-init[966]: Generating public/private ecdsa key pair.
[0;32m  OK  [0m] Listening on ACPID Listen Socket.[    7.857630] cloud-init[966]: Your identification has been saved in /etc/ssh/ssh_host_ecdsa_key.
[    7.857824] cloud-init[966]: Your public key has been saved in /etc/ssh/ssh_host_ecdsa_key.pub.
[    7.857955] cloud-init[966]: The key fingerprint is:

[[    7.858076] [0;32m  OK  [0mcloud-init] [966]: Started Daily apt download activities.SHA256:AMnsMsgdxgN/Fx2bfFjjcOAUZ4OlcZJh6vw7RXP8ZHI root@ubuntu-xenial

[    7.862368] cloud-init[966]: The key's randomart image is:
[    7.862613] cloud-init[966]: +---[ECDSA 256]---+
[    7.863002] cloud-init[966]: | .oo.. ..@OX     |
[    7.863740] [cloud-init[0;32m  OK  [0m[966]: ] Started Daily apt upgrade and clean activities.
|  .=+.  B+/ o    |
[    7.872302] cloud-init[966]: |..ooo..o B o.    |
[    7.872457] cloud-init[966]: |..o.o +.  .o + E |
[[0;32m  OK  [0m] Reached target Timers.
[    7.873329] cloud-init[966]: |   o   oS . o *  |
[    7.884716] cloud-init[966]: |        .  .   . |
[    7.884802] cloud-init[966]: |         ..      |
[    7.884895] cloud-init[966]: |         ..      |
[    7.885208] cloud-init[966]: |         ..      |
[    7.885578] cloud-init[966]: +----[SHA256]-----+
[    7.885947] cloud-init[966]: Generating public/private ed25519 key pair.
[    7.886272] cloud-init[966]: Your identification has been saved in /etc/ssh/ssh_host_ed25519_key.
[    7.886695] cloud-init[966]: Your public key has been saved in /etc/ssh/ssh_host_ed25519_key.pub.
         Starting Socket activation for snappy daemon.
[[    7.886848] cloud-init[966]: The key fingerprint is:
[    7.889977] cloud-init[966]: SHA256:FJXdweIbrCNLaQvx0UovEjuywCoR6AoZljhN7+O0+64 root@ubuntu-xenial
[0;32m  OK  [0m] Reached target Cloud-config availability.
[[    7.890236] cloud-init[966]: The key's randomart image is:
[    7.892344] cloud-init[966]: +--[ED25519 256]--+
[    7.892409] cloud-init[966]: |        ...o o.. |
[    7.892446] cloud-init[966]: |  .      .. o o  |
[0;32m  OK  [0m] Reached target Network is Online.
[    7.892657] cloud-init[966]: |oo..    .. o .   |
[    7.895491] cloud-init[966]: |*o. . o.o . +    |
[    7.896079] cloud-init[966]: |o* .   *S= . o   |
[    7.896829] cloud-init[966]: |+.o = = O + .    |
[    7.908779] cloud-init[966]: |oo + = * = .     |
         Starting iSCSI initiator daemon (iscsid)...
[[0;32m  OK  [0m] Listening on LXD - unix socket.
[[0;32m  OK  [0m] Listening on Socket activation for snappy daemon.
[    7.928961] cloud-init[966]: |+   +   o        |
[    7.952310] cloud-init[966]: |.   E=o          |
[[0;32m  OK  [0m] Reached target Sockets.
[[0;32m  OK  [0m] Reached target Basic System.
[    7.963744] cloud-init[966]: +----[SHA256]-----+
[[0;32m  OK  [0m] Started Deferred execution scheduler.
[[0;32m  OK  [0m] Started FUSE filesystem for LXC.
[[0;32m  OK  [0m] Started ACPI event daemon.
[[0;32m  OK  [0m] Started Regular background program processing daemon.
         Starting Virtualbox guest utils...
         Starting LSB: Record successful boot for GRUB...
         Starting Snappy daemon...
         Starting /etc/rc.local Compatibility...
         Starting Pollinate to seed the pseudo random number generator...
         Starting System Logging Service...
         Starting Login Service...
[[0;32m  OK  [0m] Started D-Bus System Message Bus.
         Starting LSB: MD monitoring daemon...
         Starting Accounts Service...
         Starting LXD - container startup/shutdown...
[[0;32m  OK  [0m] Started System Logging Service.
[[0;32m  OK  [0m] Started iSCSI initiator daemon (iscsid).
[[0;32m  OK  [0m] Started /etc/rc.local Compatibility.
         Starting Login to default iSCSI targets...
[[0;32m  OK  [0m] Started Login Service.
[[0;32m  OK  [0m] Started LSB: Record successful boot for GRUB.
[[0;32m  OK  [0m] Started Unattended Upgrades Shutdown.
[[0;32m  OK  [0m] Started LSB: MD monitoring daemon.
[[0;32m  OK  [0m] Started Login to default iSCSI targets.
[[0;32m  OK  [0m] Reached target Remote File Systems (Pre).
[[0;32m  OK  [0m] Reached target Remote File Systems.
         Starting LSB: Set the CPU Frequency Scaling governor to "ondemand"...
         Starting Permit User Sessions...
         Starting LSB: daemon to balance interrupts for SMP systems...
         Starting LSB: automatic crash report generation...
[[0;32m  OK  [0m] Started Permit User Sessions.
         Starting Authenticate and Authorize Users to Run Privileged Tasks...
         Starting Hold until boot process finishes up...
         Starting Terminate Plymouth Boot Screen...
[[0;32m  OK  [0m] Started Hold until boot process finishes up.
         Starting Set console scheme...
[[0;32m  OK  [0m] Started Getty on tty1.
[[0;32m  OK  [0m] Started Serial Getty on ttyS0.
[[0;32m  OK  [0m] Reached target Login Prompts.
[[0;32m  OK  [0m] Started Terminate Plymouth Boot Screen.
[[0;32m  OK  [0m] Started LSB: Set the CPU Frequency Scaling governor to "ondemand".
[[0;32m  OK  [0m] Started Set console scheme.
[[0;32m  OK  [0m] Started LSB: daemon to balance interrupts for SMP systems.
[[0;32m  OK  [0m] Started Authenticate and Authorize Users to Run Privileged Tasks.
[[0;32m  OK  [0m] Started Accounts Service.
[[0;32m  OK  [0m] Started Virtualbox guest utils.
[[0;32m  OK  [0m] Started LSB: automatic crash report generation.
[[0;32m  OK  [0m] Started LXD - container startup/shutdown.
[[0;32m  OK  [0m] Started Snappy daemon.
         Starting Wait until snapd is fully seeded...
[[0;32m  OK  [0m] Started Pollinate to seed the pseudo random number generator.
         Starting OpenBSD Secure Shell server...
[[0;32m  OK  [0m] Started OpenBSD Secure Shell server.
[[0;32m  OK  [0m] Started Wait until snapd is fully seeded.
         Starting Apply the settings specified in cloud-config...
[[0;32m  OK  [0m] Reached target Multi-User System.
[[0;32m  OK  [0m] Reached target Graphical Interface.
         Starting Update UTMP about System Runlevel Changes...
[[0;32m  OK  [0m] Started Update UTMP about System Runlevel Changes.
[   12.120884] cloud-init[1320]: Generating locales (this might take a while)...
[[0;32m  OK  [0m] Created slice User Slice of vagrant.
         Starting User Manager for UID 1000...
[[0;32m  OK  [0m] Started Session 1 of user vagrant.
[[0;32m  OK  [0m] Started User Manager for UID 1000.
[   12.863206] cloud-init[1320]:   en_US.UTF-8... done
[   12.864319] cloud-init[1320]: Generation complete.
[   13.196349] cloud-init[1320]: Cloud-init v. 19.3-41-gc4735dd3-0ubuntu1~16.04.1 running 'modules:config' at Mon, 20 Jan 2020 14:50:16 +0000. Up 10.58 seconds.
[[0;32m  OK  [0m] Started Apply the settings specified in cloud-config.
         Starting Execute cloud user/final scripts...
ci-info: no authorized ssh keys fingerprints found for user ubuntu.
<14>Jan 20 14:50:19 ec2: 
<14>Jan 20 14:50:19 ec2: #############################################################
<14>Jan 20 14:50:19 ec2: -----BEGIN SSH HOST KEY FINGERPRINTS-----
<14>Jan 20 14:50:19 ec2: 1024 SHA256:nnlPrFNKlm8UTD90oBB/wKivPGMYJ0bRa38S5sb3hlk root@ubuntu-xenial (DSA)
<14>Jan 20 14:50:19 ec2: 256 SHA256:AMnsMsgdxgN/Fx2bfFjjcOAUZ4OlcZJh6vw7RXP8ZHI root@ubuntu-xenial (ECDSA)
<14>Jan 20 14:50:19 ec2: 256 SHA256:FJXdweIbrCNLaQvx0UovEjuywCoR6AoZljhN7+O0+64 root@ubuntu-xenial (ED25519)
<14>Jan 20 14:50:19 ec2: 2048 SHA256:wFpPd0vaV12DM7cTgnoOghH66dc356lBxYC9RM88H7o root@ubuntu-xenial (RSA)
<14>Jan 20 14:50:19 ec2: -----END SSH HOST KEY FINGERPRINTS-----
<14>Jan 20 14:50:19 ec2: #############################################################
-----BEGIN SSH HOST KEY KEYS-----
ecdsa-sha2-nistp256 AAAAE2VjZHNhLXNoYTItbmlzdHAyNTYAAAAIbmlzdHAyNTYAAABBBAFsHjI/2G4krXSmXUhQDrpOnoYX3Ew3NlZclH/ahsID6ekCSgYmiQEbu+sPA5xrSwsm7KcJmp1lV3TR5gaB+vw= root@ubuntu-xenial
ssh-ed25519 AAAAC3NzaC1lZDI1NTE5AAAAIGZsCnCHtoY30w5GOeedzxB1HQ7rId6OolrC8fECuO5Y root@ubuntu-xenial
ssh-rsa AAAAB3NzaC1yc2EAAAADAQABAAABAQDh9QwazYqw/ff1NthWUGgMwLDXMvS8OBuKXZT0t3nRTI0kSXkp1+JKZS6gLkrrORuFmGw9FKKduOxQmqmeL0cBsV27HLxJwLYkpu8s/0IIl/mkf2IXV1kyoMpINHJECZVYf7tT/+RYe7W6ou2dG6KyS6N0rEr2mUdwCH/mZPwrsfLrKlbZnMyp7vn9M/KWp8ktXFimSz5Qh0yXuWLopgW44T4zJq2eURTW8MZzawhicUijTKhErDe//1Lretf1Gd+pxZtl6PUQRVobNvCxxiUz95VoUsHlrZjuDo3O1PCefkzVMB73XDScxTz0WOeayMFOH7OhmZRLQXq/fratB8d/ root@ubuntu-xenial
-----END SSH HOST KEY KEYS-----
[   13.669581] cloud-init[1438]: Cloud-init v. 19.3-41-gc4735dd3-0ubuntu1~16.04.1 running 'modules:final' at Mon, 20 Jan 2020 14:50:19 +0000. Up 13.54 seconds.
[   13.669800] cloud-init[1438]: ci-info: no authorized ssh keys fingerprints found for user ubuntu.
[   13.669980] cloud-init[1438]: Cloud-init v. 19.3-41-gc4735dd3-0ubuntu1~16.04.1 finished at Mon, 20 Jan 2020 14:50:19 +0000. Datasource DataSourceNoCloud [seed=/dev/sdb][dsmode=net].  Up 13.66 seconds

Ubuntu 16.04.6 LTS ubuntu-xenial ttyS0

ubuntu-xenial login: 